[2025-12-12 18:17:20] INFO  com.program.Main - Log4j2 працює!
[2025-12-12 18:17:20] ERROR com.program.Main - SMTP TEST ERROR
java.lang.RuntimeException: Email test
	at com.program.Main.main(Main.java:22) [classes/:?]
[2025-12-12 18:19:54] INFO  com.program.Main - Log4j2 працює!
[2025-12-12 18:19:54] ERROR com.program.Main - SMTP TEST ERROR
java.lang.RuntimeException: Email test
	at com.program.Main.main(Main.java:22) [classes/:?]
[2025-12-12 18:21:52] INFO  com.program.Main - Log4j2 працює!
[2025-12-12 18:21:52] ERROR com.program.Main - SMTP TEST ERROR
java.lang.RuntimeException: Email test
	at com.program.Main.main(Main.java:22) [classes/:?]
[2025-12-12 18:26:02] INFO  com.program.Main - Log4j2 працює!
[2025-12-12 18:26:02] ERROR com.program.Main - SMTP TEST ERROR
java.lang.RuntimeException: Email test
	at com.program.Main.main(Main.java:22) [classes/:?]
[2025-12-12 18:26:09] INFO  com.program.manager.BankManager - Створено BankManager. Починаю завантаження банків...
[2025-12-12 18:26:09] INFO  com.program.manager.BankManager - Завантаження банків з ./src/main/resources/bank/
[2025-12-12 18:26:09] INFO  com.program.manager.BankManager - Завантажено банк: monobank
[2025-12-12 18:26:09] INFO  com.program.manager.BankManager - Завантажено банк: oschadbank
[2025-12-12 18:26:09] INFO  com.program.manager.BankManager - Завантажено банк: privatbank
[2025-12-12 18:26:09] INFO  com.program.manager.BankManager - Завантажено банків: 3
[2025-12-15 20:56:18] INFO  com.program.manager.FileManager - Створено FileManager з переданим ObjectMapper
[2025-12-15 20:56:18] INFO  com.program.manager.FileManager - Обʼєкт успішно збережено у файл C:\Users\VOLODY~1\AppData\Local\Temp\junit-3983308380889291433\test.json
[2025-12-15 20:56:18] INFO  com.program.manager.FileManager - Обʼєкт успішно завантажено з файлу C:\Users\VOLODY~1\AppData\Local\Temp\junit-3983308380889291433\test.json
[2025-12-15 20:56:18] INFO  com.program.manager.FileManager - Створено FileManager з переданим ObjectMapper
[2025-12-15 20:56:18] ERROR com.program.manager.FileManager - Помилка завантаження обʼєкта з файлу C:\Users\VOLODY~1\AppData\Local\Temp\junit-13254883984526409814\broken.json
com.fasterxml.jackson.core.JsonParseException: Unrecognized token 'NOT': was expecting (JSON String, Number, Array, Object or token 'null', 'true' or 'false')
 at [Source: REDACTED (`StreamReadFeature.INCLUDE_SOURCE_IN_LOCATION` disabled); line: 1, column: 5]
	at com.fasterxml.jackson.core.JsonParser._constructError(JsonParser.java:2567) ~[jackson-core-2.17.1.jar:2.17.1]
	at com.fasterxml.jackson.core.JsonParser._constructReadException(JsonParser.java:2593) ~[jackson-core-2.17.1.jar:2.17.1]
	at com.fasterxml.jackson.core.JsonParser._constructReadException(JsonParser.java:2601) ~[jackson-core-2.17.1.jar:2.17.1]
	at com.fasterxml.jackson.core.base.ParserMinimalBase._reportError(ParserMinimalBase.java:765) ~[jackson-core-2.17.1.jar:2.17.1]
	at com.fasterxml.jackson.core.json.UTF8StreamJsonParser._reportInvalidToken(UTF8StreamJsonParser.java:3659) ~[jackson-core-2.17.1.jar:2.17.1]
	at com.fasterxml.jackson.core.json.UTF8StreamJsonParser._reportInvalidToken(UTF8StreamJsonParser.java:3632) ~[jackson-core-2.17.1.jar:2.17.1]
	at com.fasterxml.jackson.core.json.UTF8StreamJsonParser._matchToken(UTF8StreamJsonParser.java:2956) ~[jackson-core-2.17.1.jar:2.17.1]
	at com.fasterxml.jackson.core.json.UTF8StreamJsonParser._handleUnexpectedValue(UTF8StreamJsonParser.java:2724) ~[jackson-core-2.17.1.jar:2.17.1]
	at com.fasterxml.jackson.core.json.UTF8StreamJsonParser._nextTokenNotInObject(UTF8StreamJsonParser.java:867) ~[jackson-core-2.17.1.jar:2.17.1]
	at com.fasterxml.jackson.core.json.UTF8StreamJsonParser.nextToken(UTF8StreamJsonParser.java:753) ~[jackson-core-2.17.1.jar:2.17.1]
	at com.fasterxml.jackson.databind.ObjectMapper._initForReading(ObjectMapper.java:4992) ~[jackson-databind-2.17.1.jar:2.17.1]
	at com.fasterxml.jackson.databind.ObjectMapper._readMapAndClose(ObjectMapper.java:4898) ~[jackson-databind-2.17.1.jar:2.17.1]
	at com.fasterxml.jackson.databind.ObjectMapper.readValue(ObjectMapper.java:3713) ~[jackson-databind-2.17.1.jar:2.17.1]
	at com.program.manager.FileManager.loadFromJson(FileManager.java:37) [classes/:?]
	at com.program.manager.FileManagerTest.testLoadInvalidJsonReturnsNull(FileManagerTest.java:49) [test-classes/:?]
	at java.base/jdk.internal.reflect.DirectMethodHandleAccessor.invoke(DirectMethodHandleAccessor.java:104) ~[?:?]
	at java.base/java.lang.reflect.Method.invoke(Method.java:565) ~[?:?]
	at org.junit.platform.commons.util.ReflectionUtils.invokeMethod(ReflectionUtils.java:701) [junit-platform-commons-6.1.0-M1.jar:6.1.0-M1]
	at org.junit.platform.commons.support.ReflectionSupport.invokeMethod(ReflectionSupport.java:528) [junit-platform-commons-6.1.0-M1.jar:6.1.0-M1]
	at org.junit.jupiter.engine.support.MethodReflectionUtils.invoke(MethodReflectionUtils.java:45) [junit-jupiter-engine-6.1.0-M1.jar:6.1.0-M1]
	at org.junit.jupiter.engine.execution.MethodInvocation.proceed(MethodInvocation.java:61) [junit-jupiter-engine-6.1.0-M1.jar:6.1.0-M1]
	at org.junit.jupiter.engine.execution.InvocationInterceptorChain$ValidatingInvocation.proceed(InvocationInterceptorChain.java:124) [junit-jupiter-engine-6.1.0-M1.jar:6.1.0-M1]
	at org.junit.jupiter.engine.extension.TimeoutExtension.intercept(TimeoutExtension.java:163) [junit-jupiter-engine-6.1.0-M1.jar:6.1.0-M1]
	at org.junit.jupiter.engine.extension.TimeoutExtension.interceptTestableMethod(TimeoutExtension.java:148) [junit-jupiter-engine-6.1.0-M1.jar:6.1.0-M1]
	at org.junit.jupiter.engine.extension.TimeoutExtension.interceptTestMethod(TimeoutExtension.java:86) [junit-jupiter-engine-6.1.0-M1.jar:6.1.0-M1]
	at org.junit.jupiter.engine.execution.InterceptingExecutableInvoker$ReflectiveInterceptorCall.lambda$ofVoidMethod$0(InterceptingExecutableInvoker.java:123) [junit-jupiter-engine-6.1.0-M1.jar:6.1.0-M1]
	at org.junit.jupiter.engine.execution.InterceptingExecutableInvoker.lambda$invoke$0(InterceptingExecutableInvoker.java:105) [junit-jupiter-engine-6.1.0-M1.jar:6.1.0-M1]
	at org.junit.jupiter.engine.execution.InvocationInterceptorChain$InterceptedInvocation.proceed(InvocationInterceptorChain.java:99) [junit-jupiter-engine-6.1.0-M1.jar:6.1.0-M1]
	at org.junit.jupiter.engine.execution.InvocationInterceptorChain.proceed(InvocationInterceptorChain.java:66) [junit-jupiter-engine-6.1.0-M1.jar:6.1.0-M1]
	at org.junit.jupiter.engine.execution.InvocationInterceptorChain.chainAndInvoke(InvocationInterceptorChain.java:47) [junit-jupiter-engine-6.1.0-M1.jar:6.1.0-M1]
	at org.junit.jupiter.engine.execution.InvocationInterceptorChain.invoke(InvocationInterceptorChain.java:39) [junit-jupiter-engine-6.1.0-M1.jar:6.1.0-M1]
	at org.junit.jupiter.engine.execution.InterceptingExecutableInvoker.invoke(InterceptingExecutableInvoker.java:104) [junit-jupiter-engine-6.1.0-M1.jar:6.1.0-M1]
	at org.junit.jupiter.engine.execution.InterceptingExecutableInvoker.invoke(InterceptingExecutableInvoker.java:98) [junit-jupiter-engine-6.1.0-M1.jar:6.1.0-M1]
	at org.junit.jupiter.engine.execution.InterceptingExecutableInvoker.invokeVoid(InterceptingExecutableInvoker.java:71) [junit-jupiter-engine-6.1.0-M1.jar:6.1.0-M1]
	at org.junit.jupiter.engine.descriptor.TestMethodTestDescriptor.lambda$invokeTestMethod$0(TestMethodTestDescriptor.java:219) [junit-jupiter-engine-6.1.0-M1.jar:6.1.0-M1]
	at org.junit.platform.engine.support.hierarchical.ThrowableCollector.execute(ThrowableCollector.java:74) [junit-platform-engine-6.1.0-M1.jar:6.1.0-M1]
	at org.junit.jupiter.engine.descriptor.TestMethodTestDescriptor.invokeTestMethod(TestMethodTestDescriptor.java:215) [junit-jupiter-engine-6.1.0-M1.jar:6.1.0-M1]
	at org.junit.jupiter.engine.descriptor.TestMethodTestDescriptor.execute(TestMethodTestDescriptor.java:157) [junit-jupiter-engine-6.1.0-M1.jar:6.1.0-M1]
	at org.junit.jupiter.engine.descriptor.TestMethodTestDescriptor.execute(TestMethodTestDescriptor.java:70) [junit-jupiter-engine-6.1.0-M1.jar:6.1.0-M1]
	at org.junit.platform.engine.support.hierarchical.NodeTestTask.lambda$executeRecursively$2(NodeTestTask.java:176) [junit-platform-engine-6.1.0-M1.jar:6.1.0-M1]
	at org.junit.platform.engine.support.hierarchical.ThrowableCollector.execute(ThrowableCollector.java:74) [junit-platform-engine-6.1.0-M1.jar:6.1.0-M1]
	at org.junit.platform.engine.support.hierarchical.NodeTestTask.lambda$executeRecursively$1(NodeTestTask.java:166) [junit-platform-engine-6.1.0-M1.jar:6.1.0-M1]
	at org.junit.platform.engine.support.hierarchical.Node.around(Node.java:139) [junit-platform-engine-6.1.0-M1.jar:6.1.0-M1]
	at org.junit.platform.engine.support.hierarchical.NodeTestTask.lambda$executeRecursively$0(NodeTestTask.java:164) [junit-platform-engine-6.1.0-M1.jar:6.1.0-M1]
	at org.junit.platform.engine.support.hierarchical.ThrowableCollector.execute(ThrowableCollector.java:74) [junit-platform-engine-6.1.0-M1.jar:6.1.0-M1]
	at org.junit.platform.engine.support.hierarchical.NodeTestTask.executeRecursively(NodeTestTask.java:163) [junit-platform-engine-6.1.0-M1.jar:6.1.0-M1]
	at org.junit.platform.engine.support.hierarchical.NodeTestTask.execute(NodeTestTask.java:116) [junit-platform-engine-6.1.0-M1.jar:6.1.0-M1]
	at java.base/java.util.ArrayList.forEach(ArrayList.java:1604) [?:?]
	at org.junit.platform.engine.support.hierarchical.SameThreadHierarchicalTestExecutorService.invokeAll(SameThreadHierarchicalTestExecutorService.java:42) [junit-platform-engine-6.1.0-M1.jar:6.1.0-M1]
	at org.junit.platform.engine.support.hierarchical.NodeTestTask.lambda$executeRecursively$2(NodeTestTask.java:180) [junit-platform-engine-6.1.0-M1.jar:6.1.0-M1]
	at org.junit.platform.engine.support.hierarchical.ThrowableCollector.execute(ThrowableCollector.java:74) [junit-platform-engine-6.1.0-M1.jar:6.1.0-M1]
	at org.junit.platform.engine.support.hierarchical.NodeTestTask.lambda$executeRecursively$1(NodeTestTask.java:166) [junit-platform-engine-6.1.0-M1.jar:6.1.0-M1]
	at org.junit.platform.engine.support.hierarchical.Node.around(Node.java:139) [junit-platform-engine-6.1.0-M1.jar:6.1.0-M1]
	at org.junit.platform.engine.support.hierarchical.NodeTestTask.lambda$executeRecursively$0(NodeTestTask.java:164) [junit-platform-engine-6.1.0-M1.jar:6.1.0-M1]
	at org.junit.platform.engine.support.hierarchical.ThrowableCollector.execute(ThrowableCollector.java:74) [junit-platform-engine-6.1.0-M1.jar:6.1.0-M1]
	at org.junit.platform.engine.support.hierarchical.NodeTestTask.executeRecursively(NodeTestTask.java:163) [junit-platform-engine-6.1.0-M1.jar:6.1.0-M1]
	at org.junit.platform.engine.support.hierarchical.NodeTestTask.execute(NodeTestTask.java:116) [junit-platform-engine-6.1.0-M1.jar:6.1.0-M1]
	at java.base/java.util.ArrayList.forEach(ArrayList.java:1604) [?:?]
	at org.junit.platform.engine.support.hierarchical.SameThreadHierarchicalTestExecutorService.invokeAll(SameThreadHierarchicalTestExecutorService.java:42) [junit-platform-engine-6.1.0-M1.jar:6.1.0-M1]
	at org.junit.platform.engine.support.hierarchical.NodeTestTask.lambda$executeRecursively$2(NodeTestTask.java:180) [junit-platform-engine-6.1.0-M1.jar:6.1.0-M1]
	at org.junit.platform.engine.support.hierarchical.ThrowableCollector.execute(ThrowableCollector.java:74) [junit-platform-engine-6.1.0-M1.jar:6.1.0-M1]
	at org.junit.platform.engine.support.hierarchical.NodeTestTask.lambda$executeRecursively$1(NodeTestTask.java:166) [junit-platform-engine-6.1.0-M1.jar:6.1.0-M1]
	at org.junit.platform.engine.support.hierarchical.Node.around(Node.java:139) [junit-platform-engine-6.1.0-M1.jar:6.1.0-M1]
	at org.junit.platform.engine.support.hierarchical.NodeTestTask.lambda$executeRecursively$0(NodeTestTask.java:164) [junit-platform-engine-6.1.0-M1.jar:6.1.0-M1]
	at org.junit.platform.engine.support.hierarchical.ThrowableCollector.execute(ThrowableCollector.java:74) [junit-platform-engine-6.1.0-M1.jar:6.1.0-M1]
	at org.junit.platform.engine.support.hierarchical.NodeTestTask.executeRecursively(NodeTestTask.java:163) [junit-platform-engine-6.1.0-M1.jar:6.1.0-M1]
	at org.junit.platform.engine.support.hierarchical.NodeTestTask.execute(NodeTestTask.java:116) [junit-platform-engine-6.1.0-M1.jar:6.1.0-M1]
	at org.junit.platform.engine.support.hierarchical.SameThreadHierarchicalTestExecutorService.submit(SameThreadHierarchicalTestExecutorService.java:36) [junit-platform-engine-6.1.0-M1.jar:6.1.0-M1]
	at org.junit.platform.engine.support.hierarchical.HierarchicalTestExecutor.execute(HierarchicalTestExecutor.java:52) [junit-platform-engine-6.1.0-M1.jar:6.1.0-M1]
	at org.junit.platform.engine.support.hierarchical.HierarchicalTestEngine.execute(HierarchicalTestEngine.java:58) [junit-platform-engine-6.1.0-M1.jar:6.1.0-M1]
	at org.junit.platform.launcher.core.EngineExecutionOrchestrator.executeEngine(EngineExecutionOrchestrator.java:246) [junit-platform-launcher-6.1.0-M1.jar:6.1.0-M1]
	at org.junit.platform.launcher.core.EngineExecutionOrchestrator.failOrExecuteEngine(EngineExecutionOrchestrator.java:218) [junit-platform-launcher-6.1.0-M1.jar:6.1.0-M1]
	at org.junit.platform.launcher.core.EngineExecutionOrchestrator.execute(EngineExecutionOrchestrator.java:179) [junit-platform-launcher-6.1.0-M1.jar:6.1.0-M1]
	at org.junit.platform.launcher.core.EngineExecutionOrchestrator.execute(EngineExecutionOrchestrator.java:108) [junit-platform-launcher-6.1.0-M1.jar:6.1.0-M1]
	at org.junit.platform.launcher.core.EngineExecutionOrchestrator.lambda$execute$0(EngineExecutionOrchestrator.java:66) [junit-platform-launcher-6.1.0-M1.jar:6.1.0-M1]
	at org.junit.platform.launcher.core.EngineExecutionOrchestrator.withInterceptedStreams(EngineExecutionOrchestrator.java:157) [junit-platform-launcher-6.1.0-M1.jar:6.1.0-M1]
	at org.junit.platform.launcher.core.EngineExecutionOrchestrator.execute(EngineExecutionOrchestrator.java:65) [junit-platform-launcher-6.1.0-M1.jar:6.1.0-M1]
	at org.junit.platform.launcher.core.DefaultLauncher.execute(DefaultLauncher.java:125) [junit-platform-launcher-6.1.0-M1.jar:6.1.0-M1]
	at org.junit.platform.launcher.core.DefaultLauncher.execute(DefaultLauncher.java:114) [junit-platform-launcher-6.1.0-M1.jar:6.1.0-M1]
	at org.junit.platform.launcher.core.DefaultLauncher.execute(DefaultLauncher.java:93) [junit-platform-launcher-6.1.0-M1.jar:6.1.0-M1]
	at org.junit.platform.launcher.core.DelegatingLauncher.execute(DelegatingLauncher.java:48) [junit-platform-launcher-6.1.0-M1.jar:6.1.0-M1]
	at org.junit.platform.launcher.core.InterceptingLauncher.lambda$execute$0(InterceptingLauncher.java:41) [junit-platform-launcher-6.1.0-M1.jar:6.1.0-M1]
	at org.junit.platform.launcher.core.ClasspathAlignmentCheckingLauncherInterceptor.intercept(ClasspathAlignmentCheckingLauncherInterceptor.java:25) [junit-platform-launcher-6.1.0-M1.jar:6.1.0-M1]
	at org.junit.platform.launcher.core.InterceptingLauncher.execute(InterceptingLauncher.java:40) [junit-platform-launcher-6.1.0-M1.jar:6.1.0-M1]
	at org.junit.platform.launcher.core.DelegatingLauncher.execute(DelegatingLauncher.java:48) [junit-platform-launcher-6.1.0-M1.jar:6.1.0-M1]
	at org.junit.platform.launcher.core.SessionPerRequestLauncher.execute(SessionPerRequestLauncher.java:67) [junit-platform-launcher-6.1.0-M1.jar:6.1.0-M1]
	at com.intellij.junit5.JUnit5IdeaTestRunner.startRunnerWithArgs(JUnit5IdeaTestRunner.java:66) [junit5-rt.jar:?]
	at com.intellij.rt.junit.IdeaTestRunner$Repeater$1.execute(IdeaTestRunner.java:38) [junit-rt.jar:?]
	at com.intellij.rt.execution.junit.TestsRepeater.repeat(TestsRepeater.java:11) [idea_rt.jar:?]
	at com.intellij.rt.junit.IdeaTestRunner$Repeater.startRunnerWithArgs(IdeaTestRunner.java:35) [junit-rt.jar:?]
	at com.intellij.rt.junit.JUnitStarter.prepareStreamsAndStart(JUnitStarter.java:231) [junit-rt.jar:?]
	at com.intellij.rt.junit.JUnitStarter.main(JUnitStarter.java:55) [junit-rt.jar:?]
[2025-12-15 20:57:19] INFO  com.program.manager.FileManager - Створено FileManager з переданим ObjectMapper
[2025-12-15 20:57:19] INFO  com.program.manager.FileManager - Обʼєкт успішно збережено у файл C:\Users\VOLODY~1\AppData\Local\Temp\junit-16943392989026298841\test.json
[2025-12-15 20:57:19] INFO  com.program.manager.FileManager - Обʼєкт успішно завантажено з файлу C:\Users\VOLODY~1\AppData\Local\Temp\junit-16943392989026298841\test.json
[2025-12-15 20:57:19] INFO  com.program.manager.FileManager - Створено FileManager з переданим ObjectMapper
[2025-12-15 20:57:19] ERROR com.program.manager.FileManager - Помилка завантаження обʼєкта з файлу C:\Users\VOLODY~1\AppData\Local\Temp\junit-12758151307782919209\broken.json
com.fasterxml.jackson.core.JsonParseException: Unrecognized token 'NOT': was expecting (JSON String, Number, Array, Object or token 'null', 'true' or 'false')
 at [Source: REDACTED (`StreamReadFeature.INCLUDE_SOURCE_IN_LOCATION` disabled); line: 1, column: 5]
	at com.fasterxml.jackson.core.JsonParser._constructError(JsonParser.java:2567) ~[jackson-core-2.17.1.jar:2.17.1]
	at com.fasterxml.jackson.core.JsonParser._constructReadException(JsonParser.java:2593) ~[jackson-core-2.17.1.jar:2.17.1]
	at com.fasterxml.jackson.core.JsonParser._constructReadException(JsonParser.java:2601) ~[jackson-core-2.17.1.jar:2.17.1]
	at com.fasterxml.jackson.core.base.ParserMinimalBase._reportError(ParserMinimalBase.java:765) ~[jackson-core-2.17.1.jar:2.17.1]
	at com.fasterxml.jackson.core.json.UTF8StreamJsonParser._reportInvalidToken(UTF8StreamJsonParser.java:3659) ~[jackson-core-2.17.1.jar:2.17.1]
	at com.fasterxml.jackson.core.json.UTF8StreamJsonParser._reportInvalidToken(UTF8StreamJsonParser.java:3632) ~[jackson-core-2.17.1.jar:2.17.1]
	at com.fasterxml.jackson.core.json.UTF8StreamJsonParser._matchToken(UTF8StreamJsonParser.java:2956) ~[jackson-core-2.17.1.jar:2.17.1]
	at com.fasterxml.jackson.core.json.UTF8StreamJsonParser._handleUnexpectedValue(UTF8StreamJsonParser.java:2724) ~[jackson-core-2.17.1.jar:2.17.1]
	at com.fasterxml.jackson.core.json.UTF8StreamJsonParser._nextTokenNotInObject(UTF8StreamJsonParser.java:867) ~[jackson-core-2.17.1.jar:2.17.1]
	at com.fasterxml.jackson.core.json.UTF8StreamJsonParser.nextToken(UTF8StreamJsonParser.java:753) ~[jackson-core-2.17.1.jar:2.17.1]
	at com.fasterxml.jackson.databind.ObjectMapper._initForReading(ObjectMapper.java:4992) ~[jackson-databind-2.17.1.jar:2.17.1]
	at com.fasterxml.jackson.databind.ObjectMapper._readMapAndClose(ObjectMapper.java:4898) ~[jackson-databind-2.17.1.jar:2.17.1]
	at com.fasterxml.jackson.databind.ObjectMapper.readValue(ObjectMapper.java:3713) ~[jackson-databind-2.17.1.jar:2.17.1]
	at com.program.manager.FileManager.loadFromJson(FileManager.java:37) [classes/:?]
	at com.program.manager.FileManagerTest.testLoadInvalidJsonReturnsNull(FileManagerTest.java:49) [test-classes/:?]
	at java.base/jdk.internal.reflect.DirectMethodHandleAccessor.invoke(DirectMethodHandleAccessor.java:104) ~[?:?]
	at java.base/java.lang.reflect.Method.invoke(Method.java:565) ~[?:?]
	at org.junit.platform.commons.util.ReflectionUtils.invokeMethod(ReflectionUtils.java:701) [junit-platform-commons-6.1.0-M1.jar:6.1.0-M1]
	at org.junit.platform.commons.support.ReflectionSupport.invokeMethod(ReflectionSupport.java:528) [junit-platform-commons-6.1.0-M1.jar:6.1.0-M1]
	at org.junit.jupiter.engine.support.MethodReflectionUtils.invoke(MethodReflectionUtils.java:45) [junit-jupiter-engine-6.1.0-M1.jar:6.1.0-M1]
	at org.junit.jupiter.engine.execution.MethodInvocation.proceed(MethodInvocation.java:61) [junit-jupiter-engine-6.1.0-M1.jar:6.1.0-M1]
	at org.junit.jupiter.engine.execution.InvocationInterceptorChain$ValidatingInvocation.proceed(InvocationInterceptorChain.java:124) [junit-jupiter-engine-6.1.0-M1.jar:6.1.0-M1]
	at org.junit.jupiter.engine.extension.TimeoutExtension.intercept(TimeoutExtension.java:163) [junit-jupiter-engine-6.1.0-M1.jar:6.1.0-M1]
	at org.junit.jupiter.engine.extension.TimeoutExtension.interceptTestableMethod(TimeoutExtension.java:148) [junit-jupiter-engine-6.1.0-M1.jar:6.1.0-M1]
	at org.junit.jupiter.engine.extension.TimeoutExtension.interceptTestMethod(TimeoutExtension.java:86) [junit-jupiter-engine-6.1.0-M1.jar:6.1.0-M1]
	at org.junit.jupiter.engine.execution.InterceptingExecutableInvoker$ReflectiveInterceptorCall.lambda$ofVoidMethod$0(InterceptingExecutableInvoker.java:123) [junit-jupiter-engine-6.1.0-M1.jar:6.1.0-M1]
	at org.junit.jupiter.engine.execution.InterceptingExecutableInvoker.lambda$invoke$0(InterceptingExecutableInvoker.java:105) [junit-jupiter-engine-6.1.0-M1.jar:6.1.0-M1]
	at org.junit.jupiter.engine.execution.InvocationInterceptorChain$InterceptedInvocation.proceed(InvocationInterceptorChain.java:99) [junit-jupiter-engine-6.1.0-M1.jar:6.1.0-M1]
	at org.junit.jupiter.engine.execution.InvocationInterceptorChain.proceed(InvocationInterceptorChain.java:66) [junit-jupiter-engine-6.1.0-M1.jar:6.1.0-M1]
	at org.junit.jupiter.engine.execution.InvocationInterceptorChain.chainAndInvoke(InvocationInterceptorChain.java:47) [junit-jupiter-engine-6.1.0-M1.jar:6.1.0-M1]
	at org.junit.jupiter.engine.execution.InvocationInterceptorChain.invoke(InvocationInterceptorChain.java:39) [junit-jupiter-engine-6.1.0-M1.jar:6.1.0-M1]
	at org.junit.jupiter.engine.execution.InterceptingExecutableInvoker.invoke(InterceptingExecutableInvoker.java:104) [junit-jupiter-engine-6.1.0-M1.jar:6.1.0-M1]
	at org.junit.jupiter.engine.execution.InterceptingExecutableInvoker.invoke(InterceptingExecutableInvoker.java:98) [junit-jupiter-engine-6.1.0-M1.jar:6.1.0-M1]
	at org.junit.jupiter.engine.execution.InterceptingExecutableInvoker.invokeVoid(InterceptingExecutableInvoker.java:71) [junit-jupiter-engine-6.1.0-M1.jar:6.1.0-M1]
	at org.junit.jupiter.engine.descriptor.TestMethodTestDescriptor.lambda$invokeTestMethod$0(TestMethodTestDescriptor.java:219) [junit-jupiter-engine-6.1.0-M1.jar:6.1.0-M1]
	at org.junit.platform.engine.support.hierarchical.ThrowableCollector.execute(ThrowableCollector.java:74) [junit-platform-engine-6.1.0-M1.jar:6.1.0-M1]
	at org.junit.jupiter.engine.descriptor.TestMethodTestDescriptor.invokeTestMethod(TestMethodTestDescriptor.java:215) [junit-jupiter-engine-6.1.0-M1.jar:6.1.0-M1]
	at org.junit.jupiter.engine.descriptor.TestMethodTestDescriptor.execute(TestMethodTestDescriptor.java:157) [junit-jupiter-engine-6.1.0-M1.jar:6.1.0-M1]
	at org.junit.jupiter.engine.descriptor.TestMethodTestDescriptor.execute(TestMethodTestDescriptor.java:70) [junit-jupiter-engine-6.1.0-M1.jar:6.1.0-M1]
	at org.junit.platform.engine.support.hierarchical.NodeTestTask.lambda$executeRecursively$2(NodeTestTask.java:176) [junit-platform-engine-6.1.0-M1.jar:6.1.0-M1]
	at org.junit.platform.engine.support.hierarchical.ThrowableCollector.execute(ThrowableCollector.java:74) [junit-platform-engine-6.1.0-M1.jar:6.1.0-M1]
	at org.junit.platform.engine.support.hierarchical.NodeTestTask.lambda$executeRecursively$1(NodeTestTask.java:166) [junit-platform-engine-6.1.0-M1.jar:6.1.0-M1]
	at org.junit.platform.engine.support.hierarchical.Node.around(Node.java:139) [junit-platform-engine-6.1.0-M1.jar:6.1.0-M1]
	at org.junit.platform.engine.support.hierarchical.NodeTestTask.lambda$executeRecursively$0(NodeTestTask.java:164) [junit-platform-engine-6.1.0-M1.jar:6.1.0-M1]
	at org.junit.platform.engine.support.hierarchical.ThrowableCollector.execute(ThrowableCollector.java:74) [junit-platform-engine-6.1.0-M1.jar:6.1.0-M1]
	at org.junit.platform.engine.support.hierarchical.NodeTestTask.executeRecursively(NodeTestTask.java:163) [junit-platform-engine-6.1.0-M1.jar:6.1.0-M1]
	at org.junit.platform.engine.support.hierarchical.NodeTestTask.execute(NodeTestTask.java:116) [junit-platform-engine-6.1.0-M1.jar:6.1.0-M1]
	at java.base/java.util.ArrayList.forEach(ArrayList.java:1604) [?:?]
	at org.junit.platform.engine.support.hierarchical.SameThreadHierarchicalTestExecutorService.invokeAll(SameThreadHierarchicalTestExecutorService.java:42) [junit-platform-engine-6.1.0-M1.jar:6.1.0-M1]
	at org.junit.platform.engine.support.hierarchical.NodeTestTask.lambda$executeRecursively$2(NodeTestTask.java:180) [junit-platform-engine-6.1.0-M1.jar:6.1.0-M1]
	at org.junit.platform.engine.support.hierarchical.ThrowableCollector.execute(ThrowableCollector.java:74) [junit-platform-engine-6.1.0-M1.jar:6.1.0-M1]
	at org.junit.platform.engine.support.hierarchical.NodeTestTask.lambda$executeRecursively$1(NodeTestTask.java:166) [junit-platform-engine-6.1.0-M1.jar:6.1.0-M1]
	at org.junit.platform.engine.support.hierarchical.Node.around(Node.java:139) [junit-platform-engine-6.1.0-M1.jar:6.1.0-M1]
	at org.junit.platform.engine.support.hierarchical.NodeTestTask.lambda$executeRecursively$0(NodeTestTask.java:164) [junit-platform-engine-6.1.0-M1.jar:6.1.0-M1]
	at org.junit.platform.engine.support.hierarchical.ThrowableCollector.execute(ThrowableCollector.java:74) [junit-platform-engine-6.1.0-M1.jar:6.1.0-M1]
	at org.junit.platform.engine.support.hierarchical.NodeTestTask.executeRecursively(NodeTestTask.java:163) [junit-platform-engine-6.1.0-M1.jar:6.1.0-M1]
	at org.junit.platform.engine.support.hierarchical.NodeTestTask.execute(NodeTestTask.java:116) [junit-platform-engine-6.1.0-M1.jar:6.1.0-M1]
	at java.base/java.util.ArrayList.forEach(ArrayList.java:1604) [?:?]
	at org.junit.platform.engine.support.hierarchical.SameThreadHierarchicalTestExecutorService.invokeAll(SameThreadHierarchicalTestExecutorService.java:42) [junit-platform-engine-6.1.0-M1.jar:6.1.0-M1]
	at org.junit.platform.engine.support.hierarchical.NodeTestTask.lambda$executeRecursively$2(NodeTestTask.java:180) [junit-platform-engine-6.1.0-M1.jar:6.1.0-M1]
	at org.junit.platform.engine.support.hierarchical.ThrowableCollector.execute(ThrowableCollector.java:74) [junit-platform-engine-6.1.0-M1.jar:6.1.0-M1]
	at org.junit.platform.engine.support.hierarchical.NodeTestTask.lambda$executeRecursively$1(NodeTestTask.java:166) [junit-platform-engine-6.1.0-M1.jar:6.1.0-M1]
	at org.junit.platform.engine.support.hierarchical.Node.around(Node.java:139) [junit-platform-engine-6.1.0-M1.jar:6.1.0-M1]
	at org.junit.platform.engine.support.hierarchical.NodeTestTask.lambda$executeRecursively$0(NodeTestTask.java:164) [junit-platform-engine-6.1.0-M1.jar:6.1.0-M1]
	at org.junit.platform.engine.support.hierarchical.ThrowableCollector.execute(ThrowableCollector.java:74) [junit-platform-engine-6.1.0-M1.jar:6.1.0-M1]
	at org.junit.platform.engine.support.hierarchical.NodeTestTask.executeRecursively(NodeTestTask.java:163) [junit-platform-engine-6.1.0-M1.jar:6.1.0-M1]
	at org.junit.platform.engine.support.hierarchical.NodeTestTask.execute(NodeTestTask.java:116) [junit-platform-engine-6.1.0-M1.jar:6.1.0-M1]
	at org.junit.platform.engine.support.hierarchical.SameThreadHierarchicalTestExecutorService.submit(SameThreadHierarchicalTestExecutorService.java:36) [junit-platform-engine-6.1.0-M1.jar:6.1.0-M1]
	at org.junit.platform.engine.support.hierarchical.HierarchicalTestExecutor.execute(HierarchicalTestExecutor.java:52) [junit-platform-engine-6.1.0-M1.jar:6.1.0-M1]
	at org.junit.platform.engine.support.hierarchical.HierarchicalTestEngine.execute(HierarchicalTestEngine.java:58) [junit-platform-engine-6.1.0-M1.jar:6.1.0-M1]
	at org.junit.platform.launcher.core.EngineExecutionOrchestrator.executeEngine(EngineExecutionOrchestrator.java:246) [junit-platform-launcher-6.1.0-M1.jar:6.1.0-M1]
	at org.junit.platform.launcher.core.EngineExecutionOrchestrator.failOrExecuteEngine(EngineExecutionOrchestrator.java:218) [junit-platform-launcher-6.1.0-M1.jar:6.1.0-M1]
	at org.junit.platform.launcher.core.EngineExecutionOrchestrator.execute(EngineExecutionOrchestrator.java:179) [junit-platform-launcher-6.1.0-M1.jar:6.1.0-M1]
	at org.junit.platform.launcher.core.EngineExecutionOrchestrator.execute(EngineExecutionOrchestrator.java:108) [junit-platform-launcher-6.1.0-M1.jar:6.1.0-M1]
	at org.junit.platform.launcher.core.EngineExecutionOrchestrator.lambda$execute$0(EngineExecutionOrchestrator.java:66) [junit-platform-launcher-6.1.0-M1.jar:6.1.0-M1]
	at org.junit.platform.launcher.core.EngineExecutionOrchestrator.withInterceptedStreams(EngineExecutionOrchestrator.java:157) [junit-platform-launcher-6.1.0-M1.jar:6.1.0-M1]
	at org.junit.platform.launcher.core.EngineExecutionOrchestrator.execute(EngineExecutionOrchestrator.java:65) [junit-platform-launcher-6.1.0-M1.jar:6.1.0-M1]
	at org.junit.platform.launcher.core.DefaultLauncher.execute(DefaultLauncher.java:125) [junit-platform-launcher-6.1.0-M1.jar:6.1.0-M1]
	at org.junit.platform.launcher.core.DefaultLauncher.execute(DefaultLauncher.java:114) [junit-platform-launcher-6.1.0-M1.jar:6.1.0-M1]
	at org.junit.platform.launcher.core.DefaultLauncher.execute(DefaultLauncher.java:93) [junit-platform-launcher-6.1.0-M1.jar:6.1.0-M1]
	at org.junit.platform.launcher.core.DelegatingLauncher.execute(DelegatingLauncher.java:48) [junit-platform-launcher-6.1.0-M1.jar:6.1.0-M1]
	at org.junit.platform.launcher.core.InterceptingLauncher.lambda$execute$0(InterceptingLauncher.java:41) [junit-platform-launcher-6.1.0-M1.jar:6.1.0-M1]
	at org.junit.platform.launcher.core.ClasspathAlignmentCheckingLauncherInterceptor.intercept(ClasspathAlignmentCheckingLauncherInterceptor.java:25) [junit-platform-launcher-6.1.0-M1.jar:6.1.0-M1]
	at org.junit.platform.launcher.core.InterceptingLauncher.execute(InterceptingLauncher.java:40) [junit-platform-launcher-6.1.0-M1.jar:6.1.0-M1]
	at org.junit.platform.launcher.core.DelegatingLauncher.execute(DelegatingLauncher.java:48) [junit-platform-launcher-6.1.0-M1.jar:6.1.0-M1]
	at org.junit.platform.launcher.core.SessionPerRequestLauncher.execute(SessionPerRequestLauncher.java:67) [junit-platform-launcher-6.1.0-M1.jar:6.1.0-M1]
	at com.intellij.junit5.JUnit5IdeaTestRunner.startRunnerWithArgs(JUnit5IdeaTestRunner.java:66) [junit5-rt.jar:?]
	at com.intellij.rt.junit.IdeaTestRunner$Repeater$1.execute(IdeaTestRunner.java:38) [junit-rt.jar:?]
	at com.intellij.rt.execution.junit.TestsRepeater.repeat(TestsRepeater.java:11) [idea_rt.jar:?]
	at com.intellij.rt.junit.IdeaTestRunner$Repeater.startRunnerWithArgs(IdeaTestRunner.java:35) [junit-rt.jar:?]
	at com.intellij.rt.junit.JUnitStarter.prepareStreamsAndStart(JUnitStarter.java:231) [junit-rt.jar:?]
	at com.intellij.rt.junit.JUnitStarter.main(JUnitStarter.java:55) [junit-rt.jar:?]
[2025-12-15 20:57:29] INFO  com.program.manager.FileManager - Створено FileManager з переданим ObjectMapper
[2025-12-15 20:57:29] INFO  com.program.manager.FileManager - Обʼєкт успішно збережено у файл C:\Users\VOLODY~1\AppData\Local\Temp\junit-18026391105470860252\test.json
[2025-12-15 20:57:29] INFO  com.program.manager.FileManager - Обʼєкт успішно завантажено з файлу C:\Users\VOLODY~1\AppData\Local\Temp\junit-18026391105470860252\test.json
[2025-12-15 20:57:30] INFO  com.program.manager.FileManager - Створено FileManager з переданим ObjectMapper
[2025-12-15 20:57:30] ERROR com.program.manager.FileManager - Помилка завантаження обʼєкта з файлу C:\Users\VOLODY~1\AppData\Local\Temp\junit-18022541951506124160\broken.json
com.fasterxml.jackson.core.JsonParseException: Unrecognized token 'NOT': was expecting (JSON String, Number, Array, Object or token 'null', 'true' or 'false')
 at [Source: REDACTED (`StreamReadFeature.INCLUDE_SOURCE_IN_LOCATION` disabled); line: 1, column: 5]
	at com.fasterxml.jackson.core.JsonParser._constructError(JsonParser.java:2567) ~[jackson-core-2.17.1.jar:2.17.1]
	at com.fasterxml.jackson.core.JsonParser._constructReadException(JsonParser.java:2593) ~[jackson-core-2.17.1.jar:2.17.1]
	at com.fasterxml.jackson.core.JsonParser._constructReadException(JsonParser.java:2601) ~[jackson-core-2.17.1.jar:2.17.1]
	at com.fasterxml.jackson.core.base.ParserMinimalBase._reportError(ParserMinimalBase.java:765) ~[jackson-core-2.17.1.jar:2.17.1]
	at com.fasterxml.jackson.core.json.UTF8StreamJsonParser._reportInvalidToken(UTF8StreamJsonParser.java:3659) ~[jackson-core-2.17.1.jar:2.17.1]
	at com.fasterxml.jackson.core.json.UTF8StreamJsonParser._reportInvalidToken(UTF8StreamJsonParser.java:3632) ~[jackson-core-2.17.1.jar:2.17.1]
	at com.fasterxml.jackson.core.json.UTF8StreamJsonParser._matchToken(UTF8StreamJsonParser.java:2956) ~[jackson-core-2.17.1.jar:2.17.1]
	at com.fasterxml.jackson.core.json.UTF8StreamJsonParser._handleUnexpectedValue(UTF8StreamJsonParser.java:2724) ~[jackson-core-2.17.1.jar:2.17.1]
	at com.fasterxml.jackson.core.json.UTF8StreamJsonParser._nextTokenNotInObject(UTF8StreamJsonParser.java:867) ~[jackson-core-2.17.1.jar:2.17.1]
	at com.fasterxml.jackson.core.json.UTF8StreamJsonParser.nextToken(UTF8StreamJsonParser.java:753) ~[jackson-core-2.17.1.jar:2.17.1]
	at com.fasterxml.jackson.databind.ObjectMapper._initForReading(ObjectMapper.java:4992) ~[jackson-databind-2.17.1.jar:2.17.1]
	at com.fasterxml.jackson.databind.ObjectMapper._readMapAndClose(ObjectMapper.java:4898) ~[jackson-databind-2.17.1.jar:2.17.1]
	at com.fasterxml.jackson.databind.ObjectMapper.readValue(ObjectMapper.java:3713) ~[jackson-databind-2.17.1.jar:2.17.1]
	at com.program.manager.FileManager.loadFromJson(FileManager.java:37) [classes/:?]
	at com.program.manager.FileManagerTest.testLoadInvalidJsonReturnsNull(FileManagerTest.java:49) [test-classes/:?]
	at java.base/jdk.internal.reflect.DirectMethodHandleAccessor.invoke(DirectMethodHandleAccessor.java:104) ~[?:?]
	at java.base/java.lang.reflect.Method.invoke(Method.java:565) ~[?:?]
	at org.junit.platform.commons.util.ReflectionUtils.invokeMethod(ReflectionUtils.java:701) [junit-platform-commons-6.1.0-M1.jar:6.1.0-M1]
	at org.junit.platform.commons.support.ReflectionSupport.invokeMethod(ReflectionSupport.java:528) [junit-platform-commons-6.1.0-M1.jar:6.1.0-M1]
	at org.junit.jupiter.engine.support.MethodReflectionUtils.invoke(MethodReflectionUtils.java:45) [junit-jupiter-engine-6.1.0-M1.jar:6.1.0-M1]
	at org.junit.jupiter.engine.execution.MethodInvocation.proceed(MethodInvocation.java:61) [junit-jupiter-engine-6.1.0-M1.jar:6.1.0-M1]
	at org.junit.jupiter.engine.execution.InvocationInterceptorChain$ValidatingInvocation.proceed(InvocationInterceptorChain.java:124) [junit-jupiter-engine-6.1.0-M1.jar:6.1.0-M1]
	at org.junit.jupiter.engine.extension.TimeoutExtension.intercept(TimeoutExtension.java:163) [junit-jupiter-engine-6.1.0-M1.jar:6.1.0-M1]
	at org.junit.jupiter.engine.extension.TimeoutExtension.interceptTestableMethod(TimeoutExtension.java:148) [junit-jupiter-engine-6.1.0-M1.jar:6.1.0-M1]
	at org.junit.jupiter.engine.extension.TimeoutExtension.interceptTestMethod(TimeoutExtension.java:86) [junit-jupiter-engine-6.1.0-M1.jar:6.1.0-M1]
	at org.junit.jupiter.engine.execution.InterceptingExecutableInvoker$ReflectiveInterceptorCall.lambda$ofVoidMethod$0(InterceptingExecutableInvoker.java:123) [junit-jupiter-engine-6.1.0-M1.jar:6.1.0-M1]
	at org.junit.jupiter.engine.execution.InterceptingExecutableInvoker.lambda$invoke$0(InterceptingExecutableInvoker.java:105) [junit-jupiter-engine-6.1.0-M1.jar:6.1.0-M1]
	at org.junit.jupiter.engine.execution.InvocationInterceptorChain$InterceptedInvocation.proceed(InvocationInterceptorChain.java:99) [junit-jupiter-engine-6.1.0-M1.jar:6.1.0-M1]
	at org.junit.jupiter.engine.execution.InvocationInterceptorChain.proceed(InvocationInterceptorChain.java:66) [junit-jupiter-engine-6.1.0-M1.jar:6.1.0-M1]
	at org.junit.jupiter.engine.execution.InvocationInterceptorChain.chainAndInvoke(InvocationInterceptorChain.java:47) [junit-jupiter-engine-6.1.0-M1.jar:6.1.0-M1]
	at org.junit.jupiter.engine.execution.InvocationInterceptorChain.invoke(InvocationInterceptorChain.java:39) [junit-jupiter-engine-6.1.0-M1.jar:6.1.0-M1]
	at org.junit.jupiter.engine.execution.InterceptingExecutableInvoker.invoke(InterceptingExecutableInvoker.java:104) [junit-jupiter-engine-6.1.0-M1.jar:6.1.0-M1]
	at org.junit.jupiter.engine.execution.InterceptingExecutableInvoker.invoke(InterceptingExecutableInvoker.java:98) [junit-jupiter-engine-6.1.0-M1.jar:6.1.0-M1]
	at org.junit.jupiter.engine.execution.InterceptingExecutableInvoker.invokeVoid(InterceptingExecutableInvoker.java:71) [junit-jupiter-engine-6.1.0-M1.jar:6.1.0-M1]
	at org.junit.jupiter.engine.descriptor.TestMethodTestDescriptor.lambda$invokeTestMethod$0(TestMethodTestDescriptor.java:219) [junit-jupiter-engine-6.1.0-M1.jar:6.1.0-M1]
	at org.junit.platform.engine.support.hierarchical.ThrowableCollector.execute(ThrowableCollector.java:74) [junit-platform-engine-6.1.0-M1.jar:6.1.0-M1]
	at org.junit.jupiter.engine.descriptor.TestMethodTestDescriptor.invokeTestMethod(TestMethodTestDescriptor.java:215) [junit-jupiter-engine-6.1.0-M1.jar:6.1.0-M1]
	at org.junit.jupiter.engine.descriptor.TestMethodTestDescriptor.execute(TestMethodTestDescriptor.java:157) [junit-jupiter-engine-6.1.0-M1.jar:6.1.0-M1]
	at org.junit.jupiter.engine.descriptor.TestMethodTestDescriptor.execute(TestMethodTestDescriptor.java:70) [junit-jupiter-engine-6.1.0-M1.jar:6.1.0-M1]
	at org.junit.platform.engine.support.hierarchical.NodeTestTask.lambda$executeRecursively$2(NodeTestTask.java:176) [junit-platform-engine-6.1.0-M1.jar:6.1.0-M1]
	at org.junit.platform.engine.support.hierarchical.ThrowableCollector.execute(ThrowableCollector.java:74) [junit-platform-engine-6.1.0-M1.jar:6.1.0-M1]
	at org.junit.platform.engine.support.hierarchical.NodeTestTask.lambda$executeRecursively$1(NodeTestTask.java:166) [junit-platform-engine-6.1.0-M1.jar:6.1.0-M1]
	at org.junit.platform.engine.support.hierarchical.Node.around(Node.java:139) [junit-platform-engine-6.1.0-M1.jar:6.1.0-M1]
	at org.junit.platform.engine.support.hierarchical.NodeTestTask.lambda$executeRecursively$0(NodeTestTask.java:164) [junit-platform-engine-6.1.0-M1.jar:6.1.0-M1]
	at org.junit.platform.engine.support.hierarchical.ThrowableCollector.execute(ThrowableCollector.java:74) [junit-platform-engine-6.1.0-M1.jar:6.1.0-M1]
	at org.junit.platform.engine.support.hierarchical.NodeTestTask.executeRecursively(NodeTestTask.java:163) [junit-platform-engine-6.1.0-M1.jar:6.1.0-M1]
	at org.junit.platform.engine.support.hierarchical.NodeTestTask.execute(NodeTestTask.java:116) [junit-platform-engine-6.1.0-M1.jar:6.1.0-M1]
	at java.base/java.util.ArrayList.forEach(ArrayList.java:1604) [?:?]
	at org.junit.platform.engine.support.hierarchical.SameThreadHierarchicalTestExecutorService.invokeAll(SameThreadHierarchicalTestExecutorService.java:42) [junit-platform-engine-6.1.0-M1.jar:6.1.0-M1]
	at org.junit.platform.engine.support.hierarchical.NodeTestTask.lambda$executeRecursively$2(NodeTestTask.java:180) [junit-platform-engine-6.1.0-M1.jar:6.1.0-M1]
	at org.junit.platform.engine.support.hierarchical.ThrowableCollector.execute(ThrowableCollector.java:74) [junit-platform-engine-6.1.0-M1.jar:6.1.0-M1]
	at org.junit.platform.engine.support.hierarchical.NodeTestTask.lambda$executeRecursively$1(NodeTestTask.java:166) [junit-platform-engine-6.1.0-M1.jar:6.1.0-M1]
	at org.junit.platform.engine.support.hierarchical.Node.around(Node.java:139) [junit-platform-engine-6.1.0-M1.jar:6.1.0-M1]
	at org.junit.platform.engine.support.hierarchical.NodeTestTask.lambda$executeRecursively$0(NodeTestTask.java:164) [junit-platform-engine-6.1.0-M1.jar:6.1.0-M1]
	at org.junit.platform.engine.support.hierarchical.ThrowableCollector.execute(ThrowableCollector.java:74) [junit-platform-engine-6.1.0-M1.jar:6.1.0-M1]
	at org.junit.platform.engine.support.hierarchical.NodeTestTask.executeRecursively(NodeTestTask.java:163) [junit-platform-engine-6.1.0-M1.jar:6.1.0-M1]
	at org.junit.platform.engine.support.hierarchical.NodeTestTask.execute(NodeTestTask.java:116) [junit-platform-engine-6.1.0-M1.jar:6.1.0-M1]
	at java.base/java.util.ArrayList.forEach(ArrayList.java:1604) [?:?]
	at org.junit.platform.engine.support.hierarchical.SameThreadHierarchicalTestExecutorService.invokeAll(SameThreadHierarchicalTestExecutorService.java:42) [junit-platform-engine-6.1.0-M1.jar:6.1.0-M1]
	at org.junit.platform.engine.support.hierarchical.NodeTestTask.lambda$executeRecursively$2(NodeTestTask.java:180) [junit-platform-engine-6.1.0-M1.jar:6.1.0-M1]
	at org.junit.platform.engine.support.hierarchical.ThrowableCollector.execute(ThrowableCollector.java:74) [junit-platform-engine-6.1.0-M1.jar:6.1.0-M1]
	at org.junit.platform.engine.support.hierarchical.NodeTestTask.lambda$executeRecursively$1(NodeTestTask.java:166) [junit-platform-engine-6.1.0-M1.jar:6.1.0-M1]
	at org.junit.platform.engine.support.hierarchical.Node.around(Node.java:139) [junit-platform-engine-6.1.0-M1.jar:6.1.0-M1]
	at org.junit.platform.engine.support.hierarchical.NodeTestTask.lambda$executeRecursively$0(NodeTestTask.java:164) [junit-platform-engine-6.1.0-M1.jar:6.1.0-M1]
	at org.junit.platform.engine.support.hierarchical.ThrowableCollector.execute(ThrowableCollector.java:74) [junit-platform-engine-6.1.0-M1.jar:6.1.0-M1]
	at org.junit.platform.engine.support.hierarchical.NodeTestTask.executeRecursively(NodeTestTask.java:163) [junit-platform-engine-6.1.0-M1.jar:6.1.0-M1]
	at org.junit.platform.engine.support.hierarchical.NodeTestTask.execute(NodeTestTask.java:116) [junit-platform-engine-6.1.0-M1.jar:6.1.0-M1]
	at org.junit.platform.engine.support.hierarchical.SameThreadHierarchicalTestExecutorService.submit(SameThreadHierarchicalTestExecutorService.java:36) [junit-platform-engine-6.1.0-M1.jar:6.1.0-M1]
	at org.junit.platform.engine.support.hierarchical.HierarchicalTestExecutor.execute(HierarchicalTestExecutor.java:52) [junit-platform-engine-6.1.0-M1.jar:6.1.0-M1]
	at org.junit.platform.engine.support.hierarchical.HierarchicalTestEngine.execute(HierarchicalTestEngine.java:58) [junit-platform-engine-6.1.0-M1.jar:6.1.0-M1]
	at org.junit.platform.launcher.core.EngineExecutionOrchestrator.executeEngine(EngineExecutionOrchestrator.java:246) [junit-platform-launcher-6.1.0-M1.jar:6.1.0-M1]
	at org.junit.platform.launcher.core.EngineExecutionOrchestrator.failOrExecuteEngine(EngineExecutionOrchestrator.java:218) [junit-platform-launcher-6.1.0-M1.jar:6.1.0-M1]
	at org.junit.platform.launcher.core.EngineExecutionOrchestrator.execute(EngineExecutionOrchestrator.java:179) [junit-platform-launcher-6.1.0-M1.jar:6.1.0-M1]
	at org.junit.platform.launcher.core.EngineExecutionOrchestrator.execute(EngineExecutionOrchestrator.java:108) [junit-platform-launcher-6.1.0-M1.jar:6.1.0-M1]
	at org.junit.platform.launcher.core.EngineExecutionOrchestrator.lambda$execute$0(EngineExecutionOrchestrator.java:66) [junit-platform-launcher-6.1.0-M1.jar:6.1.0-M1]
	at org.junit.platform.launcher.core.EngineExecutionOrchestrator.withInterceptedStreams(EngineExecutionOrchestrator.java:157) [junit-platform-launcher-6.1.0-M1.jar:6.1.0-M1]
	at org.junit.platform.launcher.core.EngineExecutionOrchestrator.execute(EngineExecutionOrchestrator.java:65) [junit-platform-launcher-6.1.0-M1.jar:6.1.0-M1]
	at org.junit.platform.launcher.core.DefaultLauncher.execute(DefaultLauncher.java:125) [junit-platform-launcher-6.1.0-M1.jar:6.1.0-M1]
	at org.junit.platform.launcher.core.DefaultLauncher.execute(DefaultLauncher.java:114) [junit-platform-launcher-6.1.0-M1.jar:6.1.0-M1]
	at org.junit.platform.launcher.core.DefaultLauncher.execute(DefaultLauncher.java:93) [junit-platform-launcher-6.1.0-M1.jar:6.1.0-M1]
	at org.junit.platform.launcher.core.DelegatingLauncher.execute(DelegatingLauncher.java:48) [junit-platform-launcher-6.1.0-M1.jar:6.1.0-M1]
	at org.junit.platform.launcher.core.InterceptingLauncher.lambda$execute$0(InterceptingLauncher.java:41) [junit-platform-launcher-6.1.0-M1.jar:6.1.0-M1]
	at org.junit.platform.launcher.core.ClasspathAlignmentCheckingLauncherInterceptor.intercept(ClasspathAlignmentCheckingLauncherInterceptor.java:25) [junit-platform-launcher-6.1.0-M1.jar:6.1.0-M1]
	at org.junit.platform.launcher.core.InterceptingLauncher.execute(InterceptingLauncher.java:40) [junit-platform-launcher-6.1.0-M1.jar:6.1.0-M1]
	at org.junit.platform.launcher.core.DelegatingLauncher.execute(DelegatingLauncher.java:48) [junit-platform-launcher-6.1.0-M1.jar:6.1.0-M1]
	at org.junit.platform.launcher.core.SessionPerRequestLauncher.execute(SessionPerRequestLauncher.java:67) [junit-platform-launcher-6.1.0-M1.jar:6.1.0-M1]
	at com.intellij.junit5.JUnit5IdeaTestRunner.startRunnerWithArgs(JUnit5IdeaTestRunner.java:66) [junit5-rt.jar:?]
	at com.intellij.rt.junit.IdeaTestRunner$Repeater$1.execute(IdeaTestRunner.java:38) [junit-rt.jar:?]
	at com.intellij.rt.execution.junit.TestsRepeater.repeat(TestsRepeater.java:11) [idea_rt.jar:?]
	at com.intellij.rt.junit.IdeaTestRunner$Repeater.startRunnerWithArgs(IdeaTestRunner.java:35) [junit-rt.jar:?]
	at com.intellij.rt.junit.JUnitStarter.prepareStreamsAndStart(JUnitStarter.java:231) [junit-rt.jar:?]
	at com.intellij.rt.junit.JUnitStarter.main(JUnitStarter.java:55) [junit-rt.jar:?]
[2025-12-15 20:57:49] INFO  com.program.manager.FileManager - Створено FileManager з переданим ObjectMapper
[2025-12-15 20:57:50] INFO  com.program.manager.FileManager - Обʼєкт успішно збережено у файл C:\Users\VOLODY~1\AppData\Local\Temp\junit-8495179860293041400\test.json
[2025-12-15 20:57:50] INFO  com.program.manager.FileManager - Обʼєкт успішно завантажено з файлу C:\Users\VOLODY~1\AppData\Local\Temp\junit-8495179860293041400\test.json
[2025-12-15 20:57:50] INFO  com.program.manager.FileManager - Створено FileManager з переданим ObjectMapper
[2025-12-15 20:57:50] ERROR com.program.manager.FileManager - Помилка завантаження обʼєкта з файлу C:\Users\VOLODY~1\AppData\Local\Temp\junit-10289277044200419128\broken.json
com.fasterxml.jackson.core.JsonParseException: Unrecognized token 'NOT': was expecting (JSON String, Number, Array, Object or token 'null', 'true' or 'false')
 at [Source: REDACTED (`StreamReadFeature.INCLUDE_SOURCE_IN_LOCATION` disabled); line: 1, column: 5]
	at com.fasterxml.jackson.core.JsonParser._constructError(JsonParser.java:2567) ~[jackson-core-2.17.1.jar:2.17.1]
	at com.fasterxml.jackson.core.JsonParser._constructReadException(JsonParser.java:2593) ~[jackson-core-2.17.1.jar:2.17.1]
	at com.fasterxml.jackson.core.JsonParser._constructReadException(JsonParser.java:2601) ~[jackson-core-2.17.1.jar:2.17.1]
	at com.fasterxml.jackson.core.base.ParserMinimalBase._reportError(ParserMinimalBase.java:765) ~[jackson-core-2.17.1.jar:2.17.1]
	at com.fasterxml.jackson.core.json.UTF8StreamJsonParser._reportInvalidToken(UTF8StreamJsonParser.java:3659) ~[jackson-core-2.17.1.jar:2.17.1]
	at com.fasterxml.jackson.core.json.UTF8StreamJsonParser._reportInvalidToken(UTF8StreamJsonParser.java:3632) ~[jackson-core-2.17.1.jar:2.17.1]
	at com.fasterxml.jackson.core.json.UTF8StreamJsonParser._matchToken(UTF8StreamJsonParser.java:2956) ~[jackson-core-2.17.1.jar:2.17.1]
	at com.fasterxml.jackson.core.json.UTF8StreamJsonParser._handleUnexpectedValue(UTF8StreamJsonParser.java:2724) ~[jackson-core-2.17.1.jar:2.17.1]
	at com.fasterxml.jackson.core.json.UTF8StreamJsonParser._nextTokenNotInObject(UTF8StreamJsonParser.java:867) ~[jackson-core-2.17.1.jar:2.17.1]
	at com.fasterxml.jackson.core.json.UTF8StreamJsonParser.nextToken(UTF8StreamJsonParser.java:753) ~[jackson-core-2.17.1.jar:2.17.1]
	at com.fasterxml.jackson.databind.ObjectMapper._initForReading(ObjectMapper.java:4992) ~[jackson-databind-2.17.1.jar:2.17.1]
	at com.fasterxml.jackson.databind.ObjectMapper._readMapAndClose(ObjectMapper.java:4898) ~[jackson-databind-2.17.1.jar:2.17.1]
	at com.fasterxml.jackson.databind.ObjectMapper.readValue(ObjectMapper.java:3713) ~[jackson-databind-2.17.1.jar:2.17.1]
	at com.program.manager.FileManager.loadFromJson(FileManager.java:37) [classes/:?]
	at com.program.manager.FileManagerTest.testLoadInvalidJsonReturnsNull(FileManagerTest.java:49) [test-classes/:?]
	at java.base/jdk.internal.reflect.DirectMethodHandleAccessor.invoke(DirectMethodHandleAccessor.java:104) ~[?:?]
	at java.base/java.lang.reflect.Method.invoke(Method.java:565) ~[?:?]
	at org.junit.platform.commons.util.ReflectionUtils.invokeMethod(ReflectionUtils.java:701) [junit-platform-commons-6.1.0-M1.jar:6.1.0-M1]
	at org.junit.platform.commons.support.ReflectionSupport.invokeMethod(ReflectionSupport.java:528) [junit-platform-commons-6.1.0-M1.jar:6.1.0-M1]
	at org.junit.jupiter.engine.support.MethodReflectionUtils.invoke(MethodReflectionUtils.java:45) [junit-jupiter-engine-6.1.0-M1.jar:6.1.0-M1]
	at org.junit.jupiter.engine.execution.MethodInvocation.proceed(MethodInvocation.java:61) [junit-jupiter-engine-6.1.0-M1.jar:6.1.0-M1]
	at org.junit.jupiter.engine.execution.InvocationInterceptorChain$ValidatingInvocation.proceed(InvocationInterceptorChain.java:124) [junit-jupiter-engine-6.1.0-M1.jar:6.1.0-M1]
	at org.junit.jupiter.engine.extension.TimeoutExtension.intercept(TimeoutExtension.java:163) [junit-jupiter-engine-6.1.0-M1.jar:6.1.0-M1]
	at org.junit.jupiter.engine.extension.TimeoutExtension.interceptTestableMethod(TimeoutExtension.java:148) [junit-jupiter-engine-6.1.0-M1.jar:6.1.0-M1]
	at org.junit.jupiter.engine.extension.TimeoutExtension.interceptTestMethod(TimeoutExtension.java:86) [junit-jupiter-engine-6.1.0-M1.jar:6.1.0-M1]
	at org.junit.jupiter.engine.execution.InterceptingExecutableInvoker$ReflectiveInterceptorCall.lambda$ofVoidMethod$0(InterceptingExecutableInvoker.java:123) [junit-jupiter-engine-6.1.0-M1.jar:6.1.0-M1]
	at org.junit.jupiter.engine.execution.InterceptingExecutableInvoker.lambda$invoke$0(InterceptingExecutableInvoker.java:105) [junit-jupiter-engine-6.1.0-M1.jar:6.1.0-M1]
	at org.junit.jupiter.engine.execution.InvocationInterceptorChain$InterceptedInvocation.proceed(InvocationInterceptorChain.java:99) [junit-jupiter-engine-6.1.0-M1.jar:6.1.0-M1]
	at org.junit.jupiter.engine.execution.InvocationInterceptorChain.proceed(InvocationInterceptorChain.java:66) [junit-jupiter-engine-6.1.0-M1.jar:6.1.0-M1]
	at org.junit.jupiter.engine.execution.InvocationInterceptorChain.chainAndInvoke(InvocationInterceptorChain.java:47) [junit-jupiter-engine-6.1.0-M1.jar:6.1.0-M1]
	at org.junit.jupiter.engine.execution.InvocationInterceptorChain.invoke(InvocationInterceptorChain.java:39) [junit-jupiter-engine-6.1.0-M1.jar:6.1.0-M1]
	at org.junit.jupiter.engine.execution.InterceptingExecutableInvoker.invoke(InterceptingExecutableInvoker.java:104) [junit-jupiter-engine-6.1.0-M1.jar:6.1.0-M1]
	at org.junit.jupiter.engine.execution.InterceptingExecutableInvoker.invoke(InterceptingExecutableInvoker.java:98) [junit-jupiter-engine-6.1.0-M1.jar:6.1.0-M1]
	at org.junit.jupiter.engine.execution.InterceptingExecutableInvoker.invokeVoid(InterceptingExecutableInvoker.java:71) [junit-jupiter-engine-6.1.0-M1.jar:6.1.0-M1]
	at org.junit.jupiter.engine.descriptor.TestMethodTestDescriptor.lambda$invokeTestMethod$0(TestMethodTestDescriptor.java:219) [junit-jupiter-engine-6.1.0-M1.jar:6.1.0-M1]
	at org.junit.platform.engine.support.hierarchical.ThrowableCollector.execute(ThrowableCollector.java:74) [junit-platform-engine-6.1.0-M1.jar:6.1.0-M1]
	at org.junit.jupiter.engine.descriptor.TestMethodTestDescriptor.invokeTestMethod(TestMethodTestDescriptor.java:215) [junit-jupiter-engine-6.1.0-M1.jar:6.1.0-M1]
	at org.junit.jupiter.engine.descriptor.TestMethodTestDescriptor.execute(TestMethodTestDescriptor.java:157) [junit-jupiter-engine-6.1.0-M1.jar:6.1.0-M1]
	at org.junit.jupiter.engine.descriptor.TestMethodTestDescriptor.execute(TestMethodTestDescriptor.java:70) [junit-jupiter-engine-6.1.0-M1.jar:6.1.0-M1]
	at org.junit.platform.engine.support.hierarchical.NodeTestTask.lambda$executeRecursively$2(NodeTestTask.java:176) [junit-platform-engine-6.1.0-M1.jar:6.1.0-M1]
	at org.junit.platform.engine.support.hierarchical.ThrowableCollector.execute(ThrowableCollector.java:74) [junit-platform-engine-6.1.0-M1.jar:6.1.0-M1]
	at org.junit.platform.engine.support.hierarchical.NodeTestTask.lambda$executeRecursively$1(NodeTestTask.java:166) [junit-platform-engine-6.1.0-M1.jar:6.1.0-M1]
	at org.junit.platform.engine.support.hierarchical.Node.around(Node.java:139) [junit-platform-engine-6.1.0-M1.jar:6.1.0-M1]
	at org.junit.platform.engine.support.hierarchical.NodeTestTask.lambda$executeRecursively$0(NodeTestTask.java:164) [junit-platform-engine-6.1.0-M1.jar:6.1.0-M1]
	at org.junit.platform.engine.support.hierarchical.ThrowableCollector.execute(ThrowableCollector.java:74) [junit-platform-engine-6.1.0-M1.jar:6.1.0-M1]
	at org.junit.platform.engine.support.hierarchical.NodeTestTask.executeRecursively(NodeTestTask.java:163) [junit-platform-engine-6.1.0-M1.jar:6.1.0-M1]
	at org.junit.platform.engine.support.hierarchical.NodeTestTask.execute(NodeTestTask.java:116) [junit-platform-engine-6.1.0-M1.jar:6.1.0-M1]
	at java.base/java.util.ArrayList.forEach(ArrayList.java:1604) [?:?]
	at org.junit.platform.engine.support.hierarchical.SameThreadHierarchicalTestExecutorService.invokeAll(SameThreadHierarchicalTestExecutorService.java:42) [junit-platform-engine-6.1.0-M1.jar:6.1.0-M1]
	at org.junit.platform.engine.support.hierarchical.NodeTestTask.lambda$executeRecursively$2(NodeTestTask.java:180) [junit-platform-engine-6.1.0-M1.jar:6.1.0-M1]
	at org.junit.platform.engine.support.hierarchical.ThrowableCollector.execute(ThrowableCollector.java:74) [junit-platform-engine-6.1.0-M1.jar:6.1.0-M1]
	at org.junit.platform.engine.support.hierarchical.NodeTestTask.lambda$executeRecursively$1(NodeTestTask.java:166) [junit-platform-engine-6.1.0-M1.jar:6.1.0-M1]
	at org.junit.platform.engine.support.hierarchical.Node.around(Node.java:139) [junit-platform-engine-6.1.0-M1.jar:6.1.0-M1]
	at org.junit.platform.engine.support.hierarchical.NodeTestTask.lambda$executeRecursively$0(NodeTestTask.java:164) [junit-platform-engine-6.1.0-M1.jar:6.1.0-M1]
	at org.junit.platform.engine.support.hierarchical.ThrowableCollector.execute(ThrowableCollector.java:74) [junit-platform-engine-6.1.0-M1.jar:6.1.0-M1]
	at org.junit.platform.engine.support.hierarchical.NodeTestTask.executeRecursively(NodeTestTask.java:163) [junit-platform-engine-6.1.0-M1.jar:6.1.0-M1]
	at org.junit.platform.engine.support.hierarchical.NodeTestTask.execute(NodeTestTask.java:116) [junit-platform-engine-6.1.0-M1.jar:6.1.0-M1]
	at java.base/java.util.ArrayList.forEach(ArrayList.java:1604) [?:?]
	at org.junit.platform.engine.support.hierarchical.SameThreadHierarchicalTestExecutorService.invokeAll(SameThreadHierarchicalTestExecutorService.java:42) [junit-platform-engine-6.1.0-M1.jar:6.1.0-M1]
	at org.junit.platform.engine.support.hierarchical.NodeTestTask.lambda$executeRecursively$2(NodeTestTask.java:180) [junit-platform-engine-6.1.0-M1.jar:6.1.0-M1]
	at org.junit.platform.engine.support.hierarchical.ThrowableCollector.execute(ThrowableCollector.java:74) [junit-platform-engine-6.1.0-M1.jar:6.1.0-M1]
	at org.junit.platform.engine.support.hierarchical.NodeTestTask.lambda$executeRecursively$1(NodeTestTask.java:166) [junit-platform-engine-6.1.0-M1.jar:6.1.0-M1]
	at org.junit.platform.engine.support.hierarchical.Node.around(Node.java:139) [junit-platform-engine-6.1.0-M1.jar:6.1.0-M1]
	at org.junit.platform.engine.support.hierarchical.NodeTestTask.lambda$executeRecursively$0(NodeTestTask.java:164) [junit-platform-engine-6.1.0-M1.jar:6.1.0-M1]
	at org.junit.platform.engine.support.hierarchical.ThrowableCollector.execute(ThrowableCollector.java:74) [junit-platform-engine-6.1.0-M1.jar:6.1.0-M1]
	at org.junit.platform.engine.support.hierarchical.NodeTestTask.executeRecursively(NodeTestTask.java:163) [junit-platform-engine-6.1.0-M1.jar:6.1.0-M1]
	at org.junit.platform.engine.support.hierarchical.NodeTestTask.execute(NodeTestTask.java:116) [junit-platform-engine-6.1.0-M1.jar:6.1.0-M1]
	at org.junit.platform.engine.support.hierarchical.SameThreadHierarchicalTestExecutorService.submit(SameThreadHierarchicalTestExecutorService.java:36) [junit-platform-engine-6.1.0-M1.jar:6.1.0-M1]
	at org.junit.platform.engine.support.hierarchical.HierarchicalTestExecutor.execute(HierarchicalTestExecutor.java:52) [junit-platform-engine-6.1.0-M1.jar:6.1.0-M1]
	at org.junit.platform.engine.support.hierarchical.HierarchicalTestEngine.execute(HierarchicalTestEngine.java:58) [junit-platform-engine-6.1.0-M1.jar:6.1.0-M1]
	at org.junit.platform.launcher.core.EngineExecutionOrchestrator.executeEngine(EngineExecutionOrchestrator.java:246) [junit-platform-launcher-6.1.0-M1.jar:6.1.0-M1]
	at org.junit.platform.launcher.core.EngineExecutionOrchestrator.failOrExecuteEngine(EngineExecutionOrchestrator.java:218) [junit-platform-launcher-6.1.0-M1.jar:6.1.0-M1]
	at org.junit.platform.launcher.core.EngineExecutionOrchestrator.execute(EngineExecutionOrchestrator.java:179) [junit-platform-launcher-6.1.0-M1.jar:6.1.0-M1]
	at org.junit.platform.launcher.core.EngineExecutionOrchestrator.execute(EngineExecutionOrchestrator.java:108) [junit-platform-launcher-6.1.0-M1.jar:6.1.0-M1]
	at org.junit.platform.launcher.core.EngineExecutionOrchestrator.lambda$execute$0(EngineExecutionOrchestrator.java:66) [junit-platform-launcher-6.1.0-M1.jar:6.1.0-M1]
	at org.junit.platform.launcher.core.EngineExecutionOrchestrator.withInterceptedStreams(EngineExecutionOrchestrator.java:157) [junit-platform-launcher-6.1.0-M1.jar:6.1.0-M1]
	at org.junit.platform.launcher.core.EngineExecutionOrchestrator.execute(EngineExecutionOrchestrator.java:65) [junit-platform-launcher-6.1.0-M1.jar:6.1.0-M1]
	at org.junit.platform.launcher.core.DefaultLauncher.execute(DefaultLauncher.java:125) [junit-platform-launcher-6.1.0-M1.jar:6.1.0-M1]
	at org.junit.platform.launcher.core.DefaultLauncher.execute(DefaultLauncher.java:114) [junit-platform-launcher-6.1.0-M1.jar:6.1.0-M1]
	at org.junit.platform.launcher.core.DefaultLauncher.execute(DefaultLauncher.java:93) [junit-platform-launcher-6.1.0-M1.jar:6.1.0-M1]
	at org.junit.platform.launcher.core.DelegatingLauncher.execute(DelegatingLauncher.java:48) [junit-platform-launcher-6.1.0-M1.jar:6.1.0-M1]
	at org.junit.platform.launcher.core.InterceptingLauncher.lambda$execute$0(InterceptingLauncher.java:41) [junit-platform-launcher-6.1.0-M1.jar:6.1.0-M1]
	at org.junit.platform.launcher.core.ClasspathAlignmentCheckingLauncherInterceptor.intercept(ClasspathAlignmentCheckingLauncherInterceptor.java:25) [junit-platform-launcher-6.1.0-M1.jar:6.1.0-M1]
	at org.junit.platform.launcher.core.InterceptingLauncher.execute(InterceptingLauncher.java:40) [junit-platform-launcher-6.1.0-M1.jar:6.1.0-M1]
	at org.junit.platform.launcher.core.DelegatingLauncher.execute(DelegatingLauncher.java:48) [junit-platform-launcher-6.1.0-M1.jar:6.1.0-M1]
	at org.junit.platform.launcher.core.SessionPerRequestLauncher.execute(SessionPerRequestLauncher.java:67) [junit-platform-launcher-6.1.0-M1.jar:6.1.0-M1]
	at com.intellij.junit5.JUnit5IdeaTestRunner.startRunnerWithArgs(JUnit5IdeaTestRunner.java:66) [junit5-rt.jar:?]
	at com.intellij.rt.junit.IdeaTestRunner$Repeater$1.execute(IdeaTestRunner.java:38) [junit-rt.jar:?]
	at com.intellij.rt.execution.junit.TestsRepeater.repeat(TestsRepeater.java:11) [idea_rt.jar:?]
	at com.intellij.rt.junit.IdeaTestRunner$Repeater.startRunnerWithArgs(IdeaTestRunner.java:35) [junit-rt.jar:?]
	at com.intellij.rt.junit.JUnitStarter.prepareStreamsAndStart(JUnitStarter.java:231) [junit-rt.jar:?]
	at com.intellij.rt.junit.JUnitStarter.main(JUnitStarter.java:55) [junit-rt.jar:?]
